This file contains any messages produced by compilers while
running configure, to aid debugging if configure makes a mistake.

It was created by hpl configure 2.3, which was
generated by GNU Autoconf 2.69.  Invocation command line was

  $ ./configure 

## --------- ##
## Platform. ##
## --------- ##

hostname = shrey-HP-EliteDesk-800-G3-SFF
uname -m = x86_64
uname -r = 5.15.0-58-generic
uname -s = Linux
uname -v = #64-Ubuntu SMP Thu Jan 5 11:43:13 UTC 2023

/usr/bin/uname -p = x86_64
/bin/uname -X     = unknown

/bin/arch              = x86_64
/usr/bin/arch -k       = unknown
/usr/convex/getsysinfo = unknown
/usr/bin/hostinfo      = unknown
/bin/machine           = unknown
/usr/bin/oslevel       = unknown
/bin/universe          = unknown

PATH: /home/shrey/.local/bin/bin
PATH: /home/shrey/.local/bin/condabin
PATH: /home/shrey/.local/bin
PATH: /usr/local/sbin
PATH: /usr/local/bin
PATH: /usr/sbin
PATH: /usr/bin
PATH: /sbin
PATH: /bin
PATH: /usr/games
PATH: /usr/local/games
PATH: /snap/bin
PATH: /snap/bin
PATH: /home/shrey/.local/bin
PATH: /home/shrey/.local/bin/condabin


## ----------- ##
## Core tests. ##
## ----------- ##

configure:2240: checking for mpicc
configure:2256: found /usr/bin/mpicc
configure:2267: result: mpicc
configure:2341: checking for gcc
configure:2368: result: mpicc
configure:2597: checking for C compiler version
configure:2606: mpicc --version >&5
gcc (Ubuntu 11.3.0-1ubuntu1~22.04) 11.3.0
Copyright (C) 2021 Free Software Foundation, Inc.
This is free software; see the source for copying conditions.  There is NO
warranty; not even for MERCHANTABILITY or FITNESS FOR A PARTICULAR PURPOSE.

configure:2617: $? = 0
configure:2606: mpicc -v >&5
mpicc for MPICH version 4.0
Using built-in specs.
COLLECT_GCC=gcc
COLLECT_LTO_WRAPPER=/usr/lib/gcc/x86_64-linux-gnu/11/lto-wrapper
OFFLOAD_TARGET_NAMES=nvptx-none:amdgcn-amdhsa
OFFLOAD_TARGET_DEFAULT=1
Target: x86_64-linux-gnu
Configured with: ../src/configure -v --with-pkgversion='Ubuntu 11.3.0-1ubuntu1~22.04' --with-bugurl=file:///usr/share/doc/gcc-11/README.Bugs --enable-languages=c,ada,c++,go,brig,d,fortran,objc,obj-c++,m2 --prefix=/usr --with-gcc-major-version-only --program-suffix=-11 --program-prefix=x86_64-linux-gnu- --enable-shared --enable-linker-build-id --libexecdir=/usr/lib --without-included-gettext --enable-threads=posix --libdir=/usr/lib --enable-nls --enable-bootstrap --enable-clocale=gnu --enable-libstdcxx-debug --enable-libstdcxx-time=yes --with-default-libstdcxx-abi=new --enable-gnu-unique-object --disable-vtable-verify --enable-plugin --enable-default-pie --with-system-zlib --enable-libphobos-checking=release --with-target-system-zlib=auto --enable-objc-gc=auto --enable-multiarch --disable-werror --enable-cet --with-arch-32=i686 --with-abi=m64 --with-multilib-list=m32,m64,mx32 --enable-multilib --with-tune=generic --enable-offload-targets=nvptx-none=/build/gcc-11-xKiWfi/gcc-11-11.3.0/debian/tmp-nvptx/usr,amdgcn-amdhsa=/build/gcc-11-xKiWfi/gcc-11-11.3.0/debian/tmp-gcn/usr --without-cuda-driver --enable-checking=release --build=x86_64-linux-gnu --host=x86_64-linux-gnu --target=x86_64-linux-gnu --with-build-config=bootstrap-lto-lean --enable-link-serialization=2
Thread model: posix
Supported LTO compression algorithms: zlib zstd
gcc version 11.3.0 (Ubuntu 11.3.0-1ubuntu1~22.04) 
... rest of stderr output deleted ...
configure:2617: $? = 0
configure:2606: mpicc -V >&5
gcc: error: unrecognized command-line option '-V'
configure:2617: $? = 1
configure:2606: mpicc -qversion >&5
gcc: error: unrecognized command-line option '-qversion'; did you mean '--version'?
configure:2617: $? = 1
configure:2637: checking whether the C compiler works
configure:2659: mpicc    conftest.c  >&5
configure:2663: $? = 0
configure:2711: result: yes
configure:2714: checking for C compiler default output file name
configure:2716: result: a.out
configure:2722: checking for suffix of executables
configure:2729: mpicc -o conftest    conftest.c  >&5
configure:2733: $? = 0
configure:2755: result: 
configure:2777: checking whether we are cross compiling
configure:2785: mpicc -o conftest    conftest.c  >&5
configure:2789: $? = 0
configure:2796: ./conftest
configure:2800: $? = 0
configure:2815: result: no
configure:2820: checking for suffix of object files
configure:2842: mpicc -c   conftest.c >&5
configure:2846: $? = 0
configure:2867: result: o
configure:2871: checking whether we are using the GNU C compiler
configure:2890: mpicc -c   conftest.c >&5
configure:2890: $? = 0
configure:2899: result: yes
configure:2908: checking whether mpicc accepts -g
configure:2928: mpicc -c -g  conftest.c >&5
configure:2928: $? = 0
configure:2969: result: yes
configure:2986: checking for mpicc option to accept ISO C89
configure:3049: mpicc  -c -g -O2  conftest.c >&5
configure:3049: $? = 0
configure:3062: result: none needed
configure:3087: checking whether mpicc understands -c and -o together
configure:3109: mpicc -c conftest.c -o conftest2.o
configure:3112: $? = 0
configure:3109: mpicc -c conftest.c -o conftest2.o
configure:3112: $? = 0
configure:3124: result: yes
configure:3168: checking for function MPI_Init
configure:3193: mpicc -o conftest -g -O2   conftest.c  >&5
configure:3193: $? = 0
configure:3200: result: yes
configure:3211: checking for mpi.h
configure:3224: mpicc -c -g -O2  conftest.c >&5
configure:3224: $? = 0
configure:3225: result: yes
configure:3305: checking for ranlib
configure:3321: found /usr/bin/ranlib
configure:3332: result: ranlib
configure:3369: checking for a BSD-compatible install
configure:3437: result: /usr/bin/install -c
configure:3451: checking whether build environment is sane
configure:3506: result: yes
configure:3654: checking for a thread-safe mkdir -p
configure:3693: result: /usr/bin/mkdir -p
configure:3700: checking for gawk
configure:3730: result: no
configure:3700: checking for mawk
configure:3716: found /usr/bin/mawk
configure:3727: result: mawk
configure:3738: checking whether make sets $(MAKE)
configure:3760: result: yes
configure:3782: checking whether make supports the include directive
configure:3797: make -f confmf.GNU && cat confinc.out
this is the am__doit target
configure:3800: $? = 0
configure:3819: result: yes (GNU style)
configure:3852: checking whether make supports nested variables
configure:3869: result: yes
configure:3954: checking dependency style of mpicc
configure:4065: result: gcc3
configure:4184: checking for dgemm_ in OpenBLAS
configure:4206: mpicc -o conftest -g -O2   conftest.c -lopenblas -lm >&5
configure:4206: $? = 0
configure:4213: result: yes
configure:4282: checking for dgemm_
configure:4282: mpicc -o conftest -g -O2   conftest.c -lopenblas -lm  >&5
configure:4282: $? = 0
configure:4282: result: yes
configure:4297: checking how to run the C preprocessor
configure:4328: mpicc -E  conftest.c
configure:4328: $? = 0
configure:4342: mpicc -E  conftest.c
conftest.c:13:10: fatal error: ac_nonexistent.h: No such file or directory
   13 | #include <ac_nonexistent.h>
      |          ^~~~~~~~~~~~~~~~~~
compilation terminated.
configure:4342: $? = 1
configure: failed program was:
| /* confdefs.h */
| #define PACKAGE_NAME "hpl"
| #define PACKAGE_TARNAME "hpl"
| #define PACKAGE_VERSION "2.3"
| #define PACKAGE_STRING "hpl 2.3"
| #define PACKAGE_BUGREPORT "hpl@icl.utk.edu"
| #define PACKAGE_URL ""
| #define HAVE_MPI 1
| #define PACKAGE "hpl"
| #define VERSION "2.3"
| #define HAVE_DGEMM_ 1
| /* end confdefs.h.  */
| #include <ac_nonexistent.h>
configure:4367: result: mpicc -E
configure:4387: mpicc -E  conftest.c
configure:4387: $? = 0
configure:4401: mpicc -E  conftest.c
conftest.c:13:10: fatal error: ac_nonexistent.h: No such file or directory
   13 | #include <ac_nonexistent.h>
      |          ^~~~~~~~~~~~~~~~~~
compilation terminated.
configure:4401: $? = 1
configure: failed program was:
| /* confdefs.h */
| #define PACKAGE_NAME "hpl"
| #define PACKAGE_TARNAME "hpl"
| #define PACKAGE_VERSION "2.3"
| #define PACKAGE_STRING "hpl 2.3"
| #define PACKAGE_BUGREPORT "hpl@icl.utk.edu"
| #define PACKAGE_URL ""
| #define HAVE_MPI 1
| #define PACKAGE "hpl"
| #define VERSION "2.3"
| #define HAVE_DGEMM_ 1
| /* end confdefs.h.  */
| #include <ac_nonexistent.h>
configure:4430: checking for grep that handles long lines and -e
configure:4488: result: /usr/bin/grep
configure:4493: checking for egrep
configure:4555: result: /usr/bin/grep -E
configure:4560: checking for ANSI C header files
configure:4580: mpicc -c -g -O2  conftest.c >&5
configure:4580: $? = 0
configure:4653: mpicc -o conftest -g -O2   conftest.c -lopenblas -lm  >&5
configure:4653: $? = 0
configure:4653: ./conftest
configure:4653: $? = 0
configure:4664: result: yes
configure:4677: checking for sys/types.h
configure:4677: mpicc -c -g -O2  conftest.c >&5
configure:4677: $? = 0
configure:4677: result: yes
configure:4677: checking for sys/stat.h
configure:4677: mpicc -c -g -O2  conftest.c >&5
configure:4677: $? = 0
configure:4677: result: yes
configure:4677: checking for stdlib.h
configure:4677: mpicc -c -g -O2  conftest.c >&5
configure:4677: $? = 0
configure:4677: result: yes
configure:4677: checking for string.h
configure:4677: mpicc -c -g -O2  conftest.c >&5
configure:4677: $? = 0
configure:4677: result: yes
configure:4677: checking for memory.h
configure:4677: mpicc -c -g -O2  conftest.c >&5
configure:4677: $? = 0
configure:4677: result: yes
configure:4677: checking for strings.h
configure:4677: mpicc -c -g -O2  conftest.c >&5
configure:4677: $? = 0
configure:4677: result: yes
configure:4677: checking for inttypes.h
configure:4677: mpicc -c -g -O2  conftest.c >&5
configure:4677: $? = 0
configure:4677: result: yes
configure:4677: checking for stdint.h
configure:4677: mpicc -c -g -O2  conftest.c >&5
configure:4677: $? = 0
configure:4677: result: yes
configure:4677: checking for unistd.h
configure:4677: mpicc -c -g -O2  conftest.c >&5
configure:4677: $? = 0
configure:4677: result: yes
configure:4691: checking mpi.h usability
configure:4691: mpicc -c -g -O2  conftest.c >&5
configure:4691: $? = 0
configure:4691: result: yes
configure:4691: checking mpi.h presence
configure:4691: mpicc -E  conftest.c
configure:4691: $? = 0
configure:4691: result: yes
configure:4691: checking for mpi.h
configure:4691: result: yes
configure:4806: checking that generated files are newer than configure
configure:4812: result: done
configure:4835: creating ./config.status

## ---------------------- ##
## Running config.status. ##
## ---------------------- ##

This file was extended by hpl config.status 2.3, which was
generated by GNU Autoconf 2.69.  Invocation command line was

  CONFIG_FILES    = 
  CONFIG_HEADERS  = 
  CONFIG_LINKS    = 
  CONFIG_COMMANDS = 
  $ ./config.status 

on shrey-HP-EliteDesk-800-G3-SFF

config.status:860: creating Makefile
config.status:860: creating src/Makefile
config.status:860: creating testing/Makefile
config.status:860: creating include/hplconfig.h
config.status:1089: executing depfiles commands
config.status:1166: cd src       && sed -e '/# am--include-marker/d' Makefile         | make -f - am--depfiles
config.status:1171: $? = 0
config.status:1166: cd testing       && sed -e '/# am--include-marker/d' Makefile         | make -f - am--depfiles
config.status:1171: $? = 0

## ---------------- ##
## Cache variables. ##
## ---------------- ##

ac_cv_c_compiler_gnu=yes
ac_cv_env_CC_set=
ac_cv_env_CC_value=
ac_cv_env_CFLAGS_set=
ac_cv_env_CFLAGS_value=
ac_cv_env_CPPFLAGS_set=
ac_cv_env_CPPFLAGS_value=
ac_cv_env_CPP_set=
ac_cv_env_CPP_value=
ac_cv_env_LDFLAGS_set=
ac_cv_env_LDFLAGS_value=
ac_cv_env_LIBS_set=
ac_cv_env_LIBS_value=
ac_cv_env_MPICC_set=
ac_cv_env_MPICC_value=
ac_cv_env_build_alias_set=
ac_cv_env_build_alias_value=
ac_cv_env_host_alias_set=
ac_cv_env_host_alias_value=
ac_cv_env_target_alias_set=
ac_cv_env_target_alias_value=
ac_cv_func_dgemm_=yes
ac_cv_header_inttypes_h=yes
ac_cv_header_memory_h=yes
ac_cv_header_mpi_h=yes
ac_cv_header_stdc=yes
ac_cv_header_stdint_h=yes
ac_cv_header_stdlib_h=yes
ac_cv_header_string_h=yes
ac_cv_header_strings_h=yes
ac_cv_header_sys_stat_h=yes
ac_cv_header_sys_types_h=yes
ac_cv_header_unistd_h=yes
ac_cv_objext=o
ac_cv_path_EGREP='/usr/bin/grep -E'
ac_cv_path_GREP=/usr/bin/grep
ac_cv_path_install='/usr/bin/install -c'
ac_cv_path_mkdir=/usr/bin/mkdir
ac_cv_prog_AWK=mawk
ac_cv_prog_CPP='mpicc -E'
ac_cv_prog_ac_ct_CC=mpicc
ac_cv_prog_ac_ct_RANLIB=ranlib
ac_cv_prog_cc_c89=
ac_cv_prog_cc_g=yes
ac_cv_prog_make_make_set=yes
am_cv_CC_dependencies_compiler_type=gcc3
am_cv_make_support_nested_variables=yes
am_cv_prog_cc_c_o=yes

## ----------------- ##
## Output variables. ##
## ----------------- ##

ACLOCAL='${SHELL} /home/shrey/Coding/hpl-2.3/missing aclocal-1.16'
AMDEPBACKSLASH='\'
AMDEP_FALSE='#'
AMDEP_TRUE=''
AMTAR='$${TAR-tar}'
AM_BACKSLASH='\'
AM_DEFAULT_V='$(AM_DEFAULT_VERBOSITY)'
AM_DEFAULT_VERBOSITY='1'
AM_V='$(V)'
AUTOCONF='${SHELL} /home/shrey/Coding/hpl-2.3/missing autoconf'
AUTOHEADER='${SHELL} /home/shrey/Coding/hpl-2.3/missing autoheader'
AUTOMAKE='${SHELL} /home/shrey/Coding/hpl-2.3/missing automake-1.16'
AWK='mawk'
BLAS_LIBS='-lopenblas -lm'
CC='mpicc'
CCDEPMODE='depmode=gcc3'
CFLAGS='-g -O2'
CPP='mpicc -E'
CPPFLAGS=''
CYGPATH_W='echo'
DEFS='-DHAVE_CONFIG_H'
DEPDIR='.deps'
ECHO_C=''
ECHO_N='-n'
ECHO_T=''
EGREP='/usr/bin/grep -E'
EXEEXT=''
GREP='/usr/bin/grep'
INSTALL_DATA='${INSTALL} -m 644'
INSTALL_PROGRAM='${INSTALL}'
INSTALL_SCRIPT='${INSTALL}'
INSTALL_STRIP_PROGRAM='$(install_sh) -c -s'
LDFLAGS=''
LIBOBJS=''
LIBS='-lopenblas -lm '
LTLIBOBJS=''
MAKEINFO='${SHELL} /home/shrey/Coding/hpl-2.3/missing makeinfo'
MKDIR_P='/usr/bin/mkdir -p'
MPICC=''
OBJEXT='o'
PACKAGE='hpl'
PACKAGE_BUGREPORT='hpl@icl.utk.edu'
PACKAGE_NAME='hpl'
PACKAGE_STRING='hpl 2.3'
PACKAGE_TARNAME='hpl'
PACKAGE_URL=''
PACKAGE_VERSION='2.3'
PATH_SEPARATOR=':'
RANLIB='ranlib'
SET_MAKE=''
SHELL='/bin/bash'
STRIP=''
VERSION='2.3'
ac_ct_CC='mpicc'
am__EXEEXT_FALSE=''
am__EXEEXT_TRUE='#'
am__fastdepCC_FALSE='#'
am__fastdepCC_TRUE=''
am__include='include'
am__isrc=''
am__leading_dot='.'
am__nodep='_no'
am__quote=''
am__tar='$${TAR-tar} chof - "$$tardir"'
am__untar='$${TAR-tar} xf -'
bindir='${exec_prefix}/bin'
build_alias=''
datadir='${datarootdir}'
datarootdir='${prefix}/share'
docdir='${datarootdir}/doc/${PACKAGE_TARNAME}'
dvidir='${docdir}'
exec_prefix='${prefix}'
host_alias=''
htmldir='${docdir}'
includedir='${prefix}/include'
infodir='${datarootdir}/info'
install_sh='${SHELL} /home/shrey/Coding/hpl-2.3/install-sh'
libdir='${exec_prefix}/lib'
libexecdir='${exec_prefix}/libexec'
localedir='${datarootdir}/locale'
localstatedir='${prefix}/var'
mandir='${datarootdir}/man'
mkdir_p='$(MKDIR_P)'
oldincludedir='/usr/include'
pdfdir='${docdir}'
prefix='/usr/local'
program_transform_name='s,x,x,'
psdir='${docdir}'
sbindir='${exec_prefix}/sbin'
sharedstatedir='${prefix}/com'
sysconfdir='${prefix}/etc'
target_alias=''

## ----------- ##
## confdefs.h. ##
## ----------- ##

/* confdefs.h */
#define PACKAGE_NAME "hpl"
#define PACKAGE_TARNAME "hpl"
#define PACKAGE_VERSION "2.3"
#define PACKAGE_STRING "hpl 2.3"
#define PACKAGE_BUGREPORT "hpl@icl.utk.edu"
#define PACKAGE_URL ""
#define HAVE_MPI 1
#define PACKAGE "hpl"
#define VERSION "2.3"
#define HAVE_DGEMM_ 1
#define STDC_HEADERS 1
#define HAVE_SYS_TYPES_H 1
#define HAVE_SYS_STAT_H 1
#define HAVE_STDLIB_H 1
#define HAVE_STRING_H 1
#define HAVE_MEMORY_H 1
#define HAVE_STRINGS_H 1
#define HAVE_INTTYPES_H 1
#define HAVE_STDINT_H 1
#define HAVE_UNISTD_H 1
#define HAVE_MPI_H 1

configure: exit 0
